[05-Feb-2025 02:51:21 UTC] PHP Fatal error:  Maximum execution time of 30 seconds exceeded in /Users/kiransilwal/PHP/abksuppliers/wp-includes/Requests/src/Transport/Curl.php on line 506
[05-Feb-2025 02:52:50 UTC] PHP Fatal error:  Maximum execution time of 30 seconds exceeded in /Users/kiransilwal/PHP/abksuppliers/wp-includes/Requests/src/Transport/Curl.php on line 533
[05-Feb-2025 08:20:27 UTC] PHP Warning:  require_once(/Users/kiransilwal/PHP/postman-to-http/vendor/autoload.php): Failed to open stream: No such file or directory in /Users/kiransilwal/PHP/postman-to-http/index.php on line 6
[05-Feb-2025 08:20:27 UTC] PHP Fatal error:  Uncaught Error: Failed opening required '/Users/kiransilwal/PHP/postman-to-http/vendor/autoload.php' (include_path='.:/opt/homebrew/Cellar/php/8.4.3/share/php/pear') in /Users/kiransilwal/PHP/postman-to-http/index.php:6
Stack trace:
#0 {main}
  thrown in /Users/kiransilwal/PHP/postman-to-http/index.php on line 6
[05-Feb-2025 08:23:25 UTC] PHP Warning:  Undefined array key 1 in /Users/kiransilwal/PHP/postman-to-http/index.php on line 8
[05-Feb-2025 08:23:25 UTC] PHP Fatal error:  Uncaught Error: Class "P2H\helpers\FileHelper" not found in /Users/kiransilwal/PHP/postman-to-http/index.php:11
Stack trace:
#0 {main}
  thrown in /Users/kiransilwal/PHP/postman-to-http/index.php on line 11
[05-Feb-2025 08:25:38 UTC] PHP Warning:  Undefined array key 1 in /Users/kiransilwal/PHP/postman-to-http/index.php on line 8
[05-Feb-2025 08:25:38 UTC] PHP Fatal error:  Uncaught Error: Class "P2H\helpers\FileHelper" not found in /Users/kiransilwal/PHP/postman-to-http/index.php:11
Stack trace:
#0 {main}
  thrown in /Users/kiransilwal/PHP/postman-to-http/index.php on line 11
[05-Feb-2025 08:27:42 UTC] PHP Fatal error:  Uncaught Error: Class "P2H\helpers\FileHelper" not found in /Users/kiransilwal/PHP/postman-to-http/index.php:11
Stack trace:
#0 {main}
  thrown in /Users/kiransilwal/PHP/postman-to-http/index.php on line 11
[05-Feb-2025 10:00:24 UTC] PHP Fatal error:  Uncaught Error: Class "P2H\helpers\FileHelper" not found in /Users/kiransilwal/PHP/postman-to-http/index.php:11
Stack trace:
#0 {main}
  thrown in /Users/kiransilwal/PHP/postman-to-http/index.php on line 11
[05-Feb-2025 10:05:02 UTC] PHP Warning:  Attempt to read property "raw" on string in /Users/kiransilwal/PHP/postman-to-http/src/parsers/implementations/Postman21Parser.php on line 69
[05-Feb-2025 10:05:02 UTC] PHP Warning:  Attempt to read property "raw" on string in /Users/kiransilwal/PHP/postman-to-http/src/parsers/implementations/Postman21Parser.php on line 69
[05-Feb-2025 10:05:02 UTC] PHP Warning:  Attempt to read property "raw" on string in /Users/kiransilwal/PHP/postman-to-http/src/parsers/implementations/Postman21Parser.php on line 69
[05-Feb-2025 10:05:02 UTC] PHP Warning:  Attempt to read property "raw" on string in /Users/kiransilwal/PHP/postman-to-http/src/parsers/implementations/Postman21Parser.php on line 69
[05-Feb-2025 10:05:02 UTC] PHP Warning:  Attempt to read property "raw" on string in /Users/kiransilwal/PHP/postman-to-http/src/parsers/implementations/Postman21Parser.php on line 69
[05-Feb-2025 10:05:02 UTC] PHP Warning:  Attempt to read property "raw" on string in /Users/kiransilwal/PHP/postman-to-http/src/parsers/implementations/Postman21Parser.php on line 69
[05-Feb-2025 10:05:02 UTC] PHP Warning:  Attempt to read property "raw" on string in /Users/kiransilwal/PHP/postman-to-http/src/parsers/implementations/Postman21Parser.php on line 69
[05-Feb-2025 10:07:18 UTC] PHP Warning:  Attempt to read property "raw" on string in /Users/kiransilwal/PHP/postman-to-http/src/parsers/implementations/Postman21Parser.php on line 69
[05-Feb-2025 10:07:18 UTC] PHP Warning:  Attempt to read property "raw" on string in /Users/kiransilwal/PHP/postman-to-http/src/parsers/implementations/Postman21Parser.php on line 69
[05-Feb-2025 10:07:18 UTC] PHP Warning:  Attempt to read property "raw" on string in /Users/kiransilwal/PHP/postman-to-http/src/parsers/implementations/Postman21Parser.php on line 69
[05-Feb-2025 10:07:18 UTC] PHP Warning:  Attempt to read property "raw" on string in /Users/kiransilwal/PHP/postman-to-http/src/parsers/implementations/Postman21Parser.php on line 69
[05-Feb-2025 10:07:18 UTC] PHP Warning:  Attempt to read property "raw" on string in /Users/kiransilwal/PHP/postman-to-http/src/parsers/implementations/Postman21Parser.php on line 69
[05-Feb-2025 10:07:18 UTC] PHP Warning:  Attempt to read property "raw" on string in /Users/kiransilwal/PHP/postman-to-http/src/parsers/implementations/Postman21Parser.php on line 69
[05-Feb-2025 10:07:18 UTC] PHP Warning:  Attempt to read property "raw" on string in /Users/kiransilwal/PHP/postman-to-http/src/parsers/implementations/Postman21Parser.php on line 69
[05-Feb-2025 12:18:50 UTC] WordPress database error Table 'wp_wc_orders' already exists for query 
CREATE TABLE wp_wc_orders (
	id bigint(20) unsigned,
	status varchar(20) null,
	currency varchar(10) null,
	type varchar(20) null,
	tax_amount decimal(26,8) null,
	total_amount decimal(26,8) null,
	customer_id bigint(20) unsigned null,
	billing_email varchar(320) null,
	date_created_gmt datetime null,
	date_updated_gmt datetime null,
	parent_order_id bigint(20) unsigned null,
	payment_method varchar(100) null,
	payment_method_title text null,
	transaction_id varchar(100) null,
	ip_address varchar(100) null,
	user_agent text null,
	customer_note text null,
	PRIMARY KEY (id),
	KEY status (status),
	KEY date_created (date_created_gmt),
	KEY customer_id_billing_email (customer_id, billing_email(171)),
	KEY billing_email (billing_email(191)),
	KEY type_status_date (type, status, date_created_gmt),
	KEY parent_order_id (parent_order_id),
	KEY date_updated (date_updated_gmt)
) DEFAULT CHARACTER SET utf8mb4 COLLATE utf8mb4_unicode_520_ci made by require('wp-admin/plugins.php'), require_once('wp-admin/admin.php'), do_action('admin_init'), WP_Hook->do_action, WP_Hook->apply_filters, WC_Install::newly_installed, do_action('woocommerce_newly_installed'), WP_Hook->do_action, WP_Hook->apply_filters, WC_Install::maybe_enable_hpos, Automattic\WooCommerce\Internal\Features\FeaturesController->change_feature_enable, update_option, apply_filters('pre_update_option'), WP_Hook->apply_filters, Automattic\WooCommerce\Internal\DataStores\Orders\CustomOrdersTableController->process_pre_update_option, Automattic\WooCommerce\Internal\DataStores\Orders\DataSynchronizer->create_database_tables, Automattic\WooCommerce\Internal\Utilities\DatabaseUtil->dbdelta, dbDelta
[05-Feb-2025 12:18:50 UTC] WordPress database error Table 'wp_wc_orders' already exists for query 
CREATE TABLE wp_wc_orders (
	id bigint(20) unsigned,
	status varchar(20) null,
	currency varchar(10) null,
	type varchar(20) null,
	tax_amount decimal(26,8) null,
	total_amount decimal(26,8) null,
	customer_id bigint(20) unsigned null,
	billing_email varchar(320) null,
	date_created_gmt datetime null,
	date_updated_gmt datetime null,
	parent_order_id bigint(20) unsigned null,
	payment_method varchar(100) null,
	payment_method_title text null,
	transaction_id varchar(100) null,
	ip_address varchar(100) null,
	user_agent text null,
	customer_note text null,
	PRIMARY KEY (id),
	KEY status (status),
	KEY date_created (date_created_gmt),
	KEY customer_id_billing_email (customer_id, billing_email(171)),
	KEY billing_email (billing_email(191)),
	KEY type_status_date (type, status, date_created_gmt),
	KEY parent_order_id (parent_order_id),
	KEY date_updated (date_updated_gmt)
) DEFAULT CHARACTER SET utf8mb4 COLLATE utf8mb4_unicode_520_ci made by require('wp-admin/plugins.php'), require_once('wp-admin/admin.php'), do_action('admin_init'), WP_Hook->do_action, WP_Hook->apply_filters, WC_Install::newly_installed, do_action('woocommerce_newly_installed'), WP_Hook->do_action, WP_Hook->apply_filters, WC_Install::maybe_enable_hpos, Automattic\WooCommerce\Internal\Features\FeaturesController->change_feature_enable, update_option, apply_filters('pre_update_option'), WP_Hook->apply_filters, Automattic\WooCommerce\Internal\DataStores\Orders\CustomOrdersTableController->process_pre_update_option, Automattic\WooCommerce\Internal\DataStores\Orders\DataSynchronizer->create_database_tables, Automattic\WooCommerce\Internal\Utilities\DatabaseUtil->dbdelta, dbDelta
[05-Feb-2025 12:18:50 UTC] WordPress database error Table 'wp_wc_order_addresses' already exists for query 
CREATE TABLE wp_wc_order_addresses (
	id bigint(20) unsigned auto_increment primary key,
	order_id bigint(20) unsigned NOT NULL,
	address_type varchar(20) null,
	first_name text null,
	last_name text null,
	company text null,
	address_1 text null,
	address_2 text null,
	city text null,
	state text null,
	postcode text null,
	country text null,
	email varchar(320) null,
	phone varchar(100) null,
	KEY order_id (order_id),
	UNIQUE KEY address_type_order_id (address_type, order_id),
	KEY email (email(191)),
	KEY phone (phone)
) DEFAULT CHARACTER SET utf8mb4 COLLATE utf8mb4_unicode_520_ci made by require('wp-admin/plugins.php'), require_once('wp-admin/admin.php'), do_action('admin_init'), WP_Hook->do_action, WP_Hook->apply_filters, WC_Install::newly_installed, do_action('woocommerce_newly_installed'), WP_Hook->do_action, WP_Hook->apply_filters, WC_Install::maybe_enable_hpos, Automattic\WooCommerce\Internal\Features\FeaturesController->change_feature_enable, update_option, apply_filters('pre_update_option'), WP_Hook->apply_filters, Automattic\WooCommerce\Internal\DataStores\Orders\CustomOrdersTableController->process_pre_update_option, Automattic\WooCommerce\Internal\DataStores\Orders\DataSynchronizer->create_database_tables, Automattic\WooCommerce\Internal\Utilities\DatabaseUtil->dbdelta, dbDelta
[05-Feb-2025 12:18:50 UTC] WordPress database error Table 'wp_wc_order_addresses' already exists for query 
CREATE TABLE wp_wc_order_addresses (
	id bigint(20) unsigned auto_increment primary key,
	order_id bigint(20) unsigned NOT NULL,
	address_type varchar(20) null,
	first_name text null,
	last_name text null,
	company text null,
	address_1 text null,
	address_2 text null,
	city text null,
	state text null,
	postcode text null,
	country text null,
	email varchar(320) null,
	phone varchar(100) null,
	KEY order_id (order_id),
	UNIQUE KEY address_type_order_id (address_type, order_id),
	KEY email (email(191)),
	KEY phone (phone)
) DEFAULT CHARACTER SET utf8mb4 COLLATE utf8mb4_unicode_520_ci made by require('wp-admin/plugins.php'), require_once('wp-admin/admin.php'), do_action('admin_init'), WP_Hook->do_action, WP_Hook->apply_filters, WC_Install::newly_installed, do_action('woocommerce_newly_installed'), WP_Hook->do_action, WP_Hook->apply_filters, WC_Install::maybe_enable_hpos, Automattic\WooCommerce\Internal\Features\FeaturesController->change_feature_enable, update_option, apply_filters('pre_update_option'), WP_Hook->apply_filters, Automattic\WooCommerce\Internal\DataStores\Orders\CustomOrdersTableController->process_pre_update_option, Automattic\WooCommerce\Internal\DataStores\Orders\DataSynchronizer->create_database_tables, Automattic\WooCommerce\Internal\Utilities\DatabaseUtil->dbdelta, dbDelta
[05-Feb-2025 12:18:50 UTC] WordPress database error Table 'wp_wc_order_operational_data' already exists for query 
CREATE TABLE wp_wc_order_operational_data (
	id bigint(20) unsigned auto_increment primary key,
	order_id bigint(20) unsigned NULL,
	created_via varchar(100) NULL,
	woocommerce_version varchar(20) NULL,
	prices_include_tax tinyint(1) NULL,
	coupon_usages_are_counted tinyint(1) NULL,
	download_permission_granted tinyint(1) NULL,
	cart_hash varchar(100) NULL,
	new_order_email_sent tinyint(1) NULL,
	order_key varchar(100) NULL,
	order_stock_reduced tinyint(1) NULL,
	date_paid_gmt datetime NULL,
	date_completed_gmt datetime NULL,
	shipping_tax_amount decimal(26,8) NULL,
	shipping_total_amount decimal(26,8) NULL,
	discount_tax_amount decimal(26,8) NULL,
	discount_total_amount decimal(26,8) NULL,
	recorded_sales tinyint(1) NULL,
	UNIQUE KEY order_id (order_id),
	KEY order_key (order_key)
) DEFAULT CHARACTER SET utf8mb4 COLLATE utf8mb4_unicode_520_ci made by require('wp-admin/plugins.php'), require_once('wp-admin/admin.php'), do_action('admin_init'), WP_Hook->do_action, WP_Hook->apply_filters, WC_Install::newly_installed, do_action('woocommerce_newly_installed'), WP_Hook->do_action, WP_Hook->apply_filters, WC_Install::maybe_enable_hpos, Automattic\WooCommerce\Internal\Features\FeaturesController->change_feature_enable, update_option, apply_filters('pre_update_option'), WP_Hook->apply_filters, Automattic\WooCommerce\Internal\DataStores\Orders\CustomOrdersTableController->process_pre_update_option, Automattic\WooCommerce\Internal\DataStores\Orders\DataSynchronizer->create_database_tables, Automattic\WooCommerce\Internal\Utilities\DatabaseUtil->dbdelta, dbDelta
[05-Feb-2025 12:18:50 UTC] WordPress database error Table 'wp_wc_order_operational_data' already exists for query 
CREATE TABLE wp_wc_order_operational_data (
	id bigint(20) unsigned auto_increment primary key,
	order_id bigint(20) unsigned NULL,
	created_via varchar(100) NULL,
	woocommerce_version varchar(20) NULL,
	prices_include_tax tinyint(1) NULL,
	coupon_usages_are_counted tinyint(1) NULL,
	download_permission_granted tinyint(1) NULL,
	cart_hash varchar(100) NULL,
	new_order_email_sent tinyint(1) NULL,
	order_key varchar(100) NULL,
	order_stock_reduced tinyint(1) NULL,
	date_paid_gmt datetime NULL,
	date_completed_gmt datetime NULL,
	shipping_tax_amount decimal(26,8) NULL,
	shipping_total_amount decimal(26,8) NULL,
	discount_tax_amount decimal(26,8) NULL,
	discount_total_amount decimal(26,8) NULL,
	recorded_sales tinyint(1) NULL,
	UNIQUE KEY order_id (order_id),
	KEY order_key (order_key)
) DEFAULT CHARACTER SET utf8mb4 COLLATE utf8mb4_unicode_520_ci made by require('wp-admin/plugins.php'), require_once('wp-admin/admin.php'), do_action('admin_init'), WP_Hook->do_action, WP_Hook->apply_filters, WC_Install::newly_installed, do_action('woocommerce_newly_installed'), WP_Hook->do_action, WP_Hook->apply_filters, WC_Install::maybe_enable_hpos, Automattic\WooCommerce\Internal\Features\FeaturesController->change_feature_enable, update_option, apply_filters('pre_update_option'), WP_Hook->apply_filters, Automattic\WooCommerce\Internal\DataStores\Orders\CustomOrdersTableController->process_pre_update_option, Automattic\WooCommerce\Internal\DataStores\Orders\DataSynchronizer->create_database_tables, Automattic\WooCommerce\Internal\Utilities\DatabaseUtil->dbdelta, dbDelta
[05-Feb-2025 12:18:50 UTC] WordPress database error Table 'wp_wc_orders_meta' already exists for query 
CREATE TABLE wp_wc_orders_meta (
	id bigint(20) unsigned auto_increment primary key,
	order_id bigint(20) unsigned null,
	meta_key varchar(255),
	meta_value text null,
	KEY meta_key_value (meta_key(100), meta_value(82)),
	KEY order_id_meta_key_meta_value (order_id, meta_key(100), meta_value(82))
) DEFAULT CHARACTER SET utf8mb4 COLLATE utf8mb4_unicode_520_ci made by require('wp-admin/plugins.php'), require_once('wp-admin/admin.php'), do_action('admin_init'), WP_Hook->do_action, WP_Hook->apply_filters, WC_Install::newly_installed, do_action('woocommerce_newly_installed'), WP_Hook->do_action, WP_Hook->apply_filters, WC_Install::maybe_enable_hpos, Automattic\WooCommerce\Internal\Features\FeaturesController->change_feature_enable, update_option, apply_filters('pre_update_option'), WP_Hook->apply_filters, Automattic\WooCommerce\Internal\DataStores\Orders\CustomOrdersTableController->process_pre_update_option, Automattic\WooCommerce\Internal\DataStores\Orders\DataSynchronizer->create_database_tables, Automattic\WooCommerce\Internal\Utilities\DatabaseUtil->dbdelta, dbDelta
[05-Feb-2025 12:18:50 UTC] WordPress database error Table 'wp_wc_orders_meta' already exists for query 
CREATE TABLE wp_wc_orders_meta (
	id bigint(20) unsigned auto_increment primary key,
	order_id bigint(20) unsigned null,
	meta_key varchar(255),
	meta_value text null,
	KEY meta_key_value (meta_key(100), meta_value(82)),
	KEY order_id_meta_key_meta_value (order_id, meta_key(100), meta_value(82))
) DEFAULT CHARACTER SET utf8mb4 COLLATE utf8mb4_unicode_520_ci made by require('wp-admin/plugins.php'), require_once('wp-admin/admin.php'), do_action('admin_init'), WP_Hook->do_action, WP_Hook->apply_filters, WC_Install::newly_installed, do_action('woocommerce_newly_installed'), WP_Hook->do_action, WP_Hook->apply_filters, WC_Install::maybe_enable_hpos, Automattic\WooCommerce\Internal\Features\FeaturesController->change_feature_enable, update_option, apply_filters('pre_update_option'), WP_Hook->apply_filters, Automattic\WooCommerce\Internal\DataStores\Orders\CustomOrdersTableController->process_pre_update_option, Automattic\WooCommerce\Internal\DataStores\Orders\DataSynchronizer->create_database_tables, Automattic\WooCommerce\Internal\Utilities\DatabaseUtil->dbdelta, dbDelta
[05-Feb-2025 17:14:09 UTC] PHP Parse error:  syntax error, unexpected string content ");", expecting ")" in /Users/kiransilwal/PHP/abksuppliers/wp-content/plugins/wpchat/wpchat.php on line 51
[05-Feb-2025 17:15:47 UTC] PHP Fatal error:  Maximum execution time of 30 seconds exceeded in /Users/kiransilwal/PHP/abksuppliers/wp-includes/class-wp-theme-json.php on line 3158
[05-Feb-2025 17:16:33 UTC] PHP Fatal error:  Maximum execution time of 30 seconds exceeded in /Users/kiransilwal/PHP/abksuppliers/wp-includes/functions.php on line 5069
[05-Feb-2025 17:19:21 UTC] PHP Fatal error:  Maximum execution time of 30 seconds exceeded in /Users/kiransilwal/PHP/abksuppliers/wp-includes/class-wp-dependencies.php on line 288
[05-Feb-2025 17:20:06 UTC] PHP Fatal error:  Maximum execution time of 30 seconds exceeded in /Users/kiransilwal/PHP/abksuppliers/wp-includes/class-wp-dependencies.php on line 293
[05-Feb-2025 17:21:56 UTC] PHP Fatal error:  Maximum execution time of 30 seconds exceeded in /Users/kiransilwal/PHP/abksuppliers/wp-includes/class-wp-dependencies.php on line 293
[05-Feb-2025 17:22:45 UTC] PHP Fatal error:  Maximum execution time of 30 seconds exceeded in /Users/kiransilwal/PHP/abksuppliers/wp-includes/class-wp-dependencies.php on line 293
[05-Feb-2025 17:23:15 UTC] PHP Fatal error:  Maximum execution time of 30 seconds exceeded in /Users/kiransilwal/PHP/abksuppliers/wp-includes/class-wp-dependencies.php on line 288
[05-Feb-2025 17:25:54 UTC] PHP Fatal error:  Maximum execution time of 30 seconds exceeded in /Users/kiransilwal/PHP/abksuppliers/wp-includes/class-wp-theme-json-resolver.php on line 210
[05-Feb-2025 17:25:59 UTC] PHP Fatal error:  Maximum execution time of 30 seconds exceeded in /Users/kiransilwal/PHP/abksuppliers/wp-includes/class-wp-dependencies.php on line 293
[05-Feb-2025 17:26:17 UTC] PHP Fatal error:  Maximum execution time of 30 seconds exceeded in /Users/kiransilwal/PHP/abksuppliers/wp-includes/class-wp-dependencies.php on line 288
[30-Jun-2025 06:33:54 UTC] PHP Warning:  Failed loading Zend extension 'xdebug.so' (tried: /opt/homebrew/lib/php/pecl/20240924/xdebug.so (dlopen(/opt/homebrew/lib/php/pecl/20240924/xdebug.so, 0x0009): tried: '/opt/homebrew/lib/php/pecl/20240924/xdebug.so' (no such file), '/System/Volumes/Preboot/Cryptexes/OS/opt/homebrew/lib/php/pecl/20240924/xdebug.so' (no such file), '/opt/homebrew/lib/php/pecl/20240924/xdebug.so' (no such file)), /opt/homebrew/lib/php/pecl/20240924/xdebug.so.so (dlopen(/opt/homebrew/lib/php/pecl/20240924/xdebug.so.so, 0x0009): tried: '/opt/homebrew/lib/php/pecl/20240924/xdebug.so.so' (no such file), '/System/Volumes/Preboot/Cryptexes/OS/opt/homebrew/lib/php/pecl/20240924/xdebug.so.so' (no such file), '/opt/homebrew/lib/php/pecl/20240924/xdebug.so.so' (no such file))) in Unknown on line 0
[30-Jun-2025 06:34:04 UTC] PHP Warning:  Failed loading Zend extension 'xdebug.so' (tried: /opt/homebrew/lib/php/pecl/20240924/xdebug.so (dlopen(/opt/homebrew/lib/php/pecl/20240924/xdebug.so, 0x0009): tried: '/opt/homebrew/lib/php/pecl/20240924/xdebug.so' (no such file), '/System/Volumes/Preboot/Cryptexes/OS/opt/homebrew/lib/php/pecl/20240924/xdebug.so' (no such file), '/opt/homebrew/lib/php/pecl/20240924/xdebug.so' (no such file)), /opt/homebrew/lib/php/pecl/20240924/xdebug.so.so (dlopen(/opt/homebrew/lib/php/pecl/20240924/xdebug.so.so, 0x0009): tried: '/opt/homebrew/lib/php/pecl/20240924/xdebug.so.so' (no such file), '/System/Volumes/Preboot/Cryptexes/OS/opt/homebrew/lib/php/pecl/20240924/xdebug.so.so' (no such file), '/opt/homebrew/lib/php/pecl/20240924/xdebug.so.so' (no such file))) in Unknown on line 0
[30-Jun-2025 06:34:14 UTC] PHP Warning:  Failed loading Zend extension 'xdebug.so' (tried: /opt/homebrew/lib/php/pecl/20240924/xdebug.so (dlopen(/opt/homebrew/lib/php/pecl/20240924/xdebug.so, 0x0009): tried: '/opt/homebrew/lib/php/pecl/20240924/xdebug.so' (no such file), '/System/Volumes/Preboot/Cryptexes/OS/opt/homebrew/lib/php/pecl/20240924/xdebug.so' (no such file), '/opt/homebrew/lib/php/pecl/20240924/xdebug.so' (no such file)), /opt/homebrew/lib/php/pecl/20240924/xdebug.so.so (dlopen(/opt/homebrew/lib/php/pecl/20240924/xdebug.so.so, 0x0009): tried: '/opt/homebrew/lib/php/pecl/20240924/xdebug.so.so' (no such file), '/System/Volumes/Preboot/Cryptexes/OS/opt/homebrew/lib/php/pecl/20240924/xdebug.so.so' (no such file), '/opt/homebrew/lib/php/pecl/20240924/xdebug.so.so' (no such file))) in Unknown on line 0
[30-Jun-2025 06:34:24 UTC] PHP Warning:  Failed loading Zend extension 'xdebug.so' (tried: /opt/homebrew/lib/php/pecl/20240924/xdebug.so (dlopen(/opt/homebrew/lib/php/pecl/20240924/xdebug.so, 0x0009): tried: '/opt/homebrew/lib/php/pecl/20240924/xdebug.so' (no such file), '/System/Volumes/Preboot/Cryptexes/OS/opt/homebrew/lib/php/pecl/20240924/xdebug.so' (no such file), '/opt/homebrew/lib/php/pecl/20240924/xdebug.so' (no such file)), /opt/homebrew/lib/php/pecl/20240924/xdebug.so.so (dlopen(/opt/homebrew/lib/php/pecl/20240924/xdebug.so.so, 0x0009): tried: '/opt/homebrew/lib/php/pecl/20240924/xdebug.so.so' (no such file), '/System/Volumes/Preboot/Cryptexes/OS/opt/homebrew/lib/php/pecl/20240924/xdebug.so.so' (no such file), '/opt/homebrew/lib/php/pecl/20240924/xdebug.so.so' (no such file))) in Unknown on line 0
[30-Jun-2025 06:34:34 UTC] PHP Warning:  Failed loading Zend extension 'xdebug.so' (tried: /opt/homebrew/lib/php/pecl/20240924/xdebug.so (dlopen(/opt/homebrew/lib/php/pecl/20240924/xdebug.so, 0x0009): tried: '/opt/homebrew/lib/php/pecl/20240924/xdebug.so' (no such file), '/System/Volumes/Preboot/Cryptexes/OS/opt/homebrew/lib/php/pecl/20240924/xdebug.so' (no such file), '/opt/homebrew/lib/php/pecl/20240924/xdebug.so' (no such file)), /opt/homebrew/lib/php/pecl/20240924/xdebug.so.so (dlopen(/opt/homebrew/lib/php/pecl/20240924/xdebug.so.so, 0x0009): tried: '/opt/homebrew/lib/php/pecl/20240924/xdebug.so.so' (no such file), '/System/Volumes/Preboot/Cryptexes/OS/opt/homebrew/lib/php/pecl/20240924/xdebug.so.so' (no such file), '/opt/homebrew/lib/php/pecl/20240924/xdebug.so.so' (no such file))) in Unknown on line 0
[30-Jun-2025 06:34:44 UTC] PHP Warning:  Failed loading Zend extension 'xdebug.so' (tried: /opt/homebrew/lib/php/pecl/20240924/xdebug.so (dlopen(/opt/homebrew/lib/php/pecl/20240924/xdebug.so, 0x0009): tried: '/opt/homebrew/lib/php/pecl/20240924/xdebug.so' (no such file), '/System/Volumes/Preboot/Cryptexes/OS/opt/homebrew/lib/php/pecl/20240924/xdebug.so' (no such file), '/opt/homebrew/lib/php/pecl/20240924/xdebug.so' (no such file)), /opt/homebrew/lib/php/pecl/20240924/xdebug.so.so (dlopen(/opt/homebrew/lib/php/pecl/20240924/xdebug.so.so, 0x0009): tried: '/opt/homebrew/lib/php/pecl/20240924/xdebug.so.so' (no such file), '/System/Volumes/Preboot/Cryptexes/OS/opt/homebrew/lib/php/pecl/20240924/xdebug.so.so' (no such file), '/opt/homebrew/lib/php/pecl/20240924/xdebug.so.so' (no such file))) in Unknown on line 0
[30-Jun-2025 06:34:54 UTC] PHP Warning:  Failed loading Zend extension 'xdebug.so' (tried: /opt/homebrew/lib/php/pecl/20240924/xdebug.so (dlopen(/opt/homebrew/lib/php/pecl/20240924/xdebug.so, 0x0009): tried: '/opt/homebrew/lib/php/pecl/20240924/xdebug.so' (no such file), '/System/Volumes/Preboot/Cryptexes/OS/opt/homebrew/lib/php/pecl/20240924/xdebug.so' (no such file), '/opt/homebrew/lib/php/pecl/20240924/xdebug.so' (no such file)), /opt/homebrew/lib/php/pecl/20240924/xdebug.so.so (dlopen(/opt/homebrew/lib/php/pecl/20240924/xdebug.so.so, 0x0009): tried: '/opt/homebrew/lib/php/pecl/20240924/xdebug.so.so' (no such file), '/System/Volumes/Preboot/Cryptexes/OS/opt/homebrew/lib/php/pecl/20240924/xdebug.so.so' (no such file), '/opt/homebrew/lib/php/pecl/20240924/xdebug.so.so' (no such file))) in Unknown on line 0
[30-Jun-2025 06:35:01 UTC] PHP Warning:  Failed loading Zend extension 'xdebug.so' (tried: /opt/homebrew/lib/php/pecl/20240924/xdebug.so (dlopen(/opt/homebrew/lib/php/pecl/20240924/xdebug.so, 0x0009): tried: '/opt/homebrew/lib/php/pecl/20240924/xdebug.so' (no such file), '/System/Volumes/Preboot/Cryptexes/OS/opt/homebrew/lib/php/pecl/20240924/xdebug.so' (no such file), '/opt/homebrew/lib/php/pecl/20240924/xdebug.so' (no such file)), /opt/homebrew/lib/php/pecl/20240924/xdebug.so.so (dlopen(/opt/homebrew/lib/php/pecl/20240924/xdebug.so.so, 0x0009): tried: '/opt/homebrew/lib/php/pecl/20240924/xdebug.so.so' (no such file), '/System/Volumes/Preboot/Cryptexes/OS/opt/homebrew/lib/php/pecl/20240924/xdebug.so.so' (no such file), '/opt/homebrew/lib/php/pecl/20240924/xdebug.so.so' (no such file))) in Unknown on line 0
[30-Jun-2025 06:35:04 UTC] PHP Warning:  Failed loading Zend extension 'xdebug.so' (tried: /opt/homebrew/lib/php/pecl/20240924/xdebug.so (dlopen(/opt/homebrew/lib/php/pecl/20240924/xdebug.so, 0x0009): tried: '/opt/homebrew/lib/php/pecl/20240924/xdebug.so' (no such file), '/System/Volumes/Preboot/Cryptexes/OS/opt/homebrew/lib/php/pecl/20240924/xdebug.so' (no such file), '/opt/homebrew/lib/php/pecl/20240924/xdebug.so' (no such file)), /opt/homebrew/lib/php/pecl/20240924/xdebug.so.so (dlopen(/opt/homebrew/lib/php/pecl/20240924/xdebug.so.so, 0x0009): tried: '/opt/homebrew/lib/php/pecl/20240924/xdebug.so.so' (no such file), '/System/Volumes/Preboot/Cryptexes/OS/opt/homebrew/lib/php/pecl/20240924/xdebug.so.so' (no such file), '/opt/homebrew/lib/php/pecl/20240924/xdebug.so.so' (no such file))) in Unknown on line 0
[30-Jun-2025 06:35:11 UTC] PHP Warning:  Failed loading Zend extension 'xdebug.so' (tried: /opt/homebrew/lib/php/pecl/20240924/xdebug.so (dlopen(/opt/homebrew/lib/php/pecl/20240924/xdebug.so, 0x0009): tried: '/opt/homebrew/lib/php/pecl/20240924/xdebug.so' (no such file), '/System/Volumes/Preboot/Cryptexes/OS/opt/homebrew/lib/php/pecl/20240924/xdebug.so' (no such file), '/opt/homebrew/lib/php/pecl/20240924/xdebug.so' (no such file)), /opt/homebrew/lib/php/pecl/20240924/xdebug.so.so (dlopen(/opt/homebrew/lib/php/pecl/20240924/xdebug.so.so, 0x0009): tried: '/opt/homebrew/lib/php/pecl/20240924/xdebug.so.so' (no such file), '/System/Volumes/Preboot/Cryptexes/OS/opt/homebrew/lib/php/pecl/20240924/xdebug.so.so' (no such file), '/opt/homebrew/lib/php/pecl/20240924/xdebug.so.so' (no such file))) in Unknown on line 0
[30-Jun-2025 06:35:21 UTC] PHP Warning:  Failed loading Zend extension 'xdebug.so' (tried: /opt/homebrew/lib/php/pecl/20240924/xdebug.so (dlopen(/opt/homebrew/lib/php/pecl/20240924/xdebug.so, 0x0009): tried: '/opt/homebrew/lib/php/pecl/20240924/xdebug.so' (no such file), '/System/Volumes/Preboot/Cryptexes/OS/opt/homebrew/lib/php/pecl/20240924/xdebug.so' (no such file), '/opt/homebrew/lib/php/pecl/20240924/xdebug.so' (no such file)), /opt/homebrew/lib/php/pecl/20240924/xdebug.so.so (dlopen(/opt/homebrew/lib/php/pecl/20240924/xdebug.so.so, 0x0009): tried: '/opt/homebrew/lib/php/pecl/20240924/xdebug.so.so' (no such file), '/System/Volumes/Preboot/Cryptexes/OS/opt/homebrew/lib/php/pecl/20240924/xdebug.so.so' (no such file), '/opt/homebrew/lib/php/pecl/20240924/xdebug.so.so' (no such file))) in Unknown on line 0
[30-Jun-2025 06:35:31 UTC] PHP Warning:  Failed loading Zend extension 'xdebug.so' (tried: /opt/homebrew/lib/php/pecl/20240924/xdebug.so (dlopen(/opt/homebrew/lib/php/pecl/20240924/xdebug.so, 0x0009): tried: '/opt/homebrew/lib/php/pecl/20240924/xdebug.so' (no such file), '/System/Volumes/Preboot/Cryptexes/OS/opt/homebrew/lib/php/pecl/20240924/xdebug.so' (no such file), '/opt/homebrew/lib/php/pecl/20240924/xdebug.so' (no such file)), /opt/homebrew/lib/php/pecl/20240924/xdebug.so.so (dlopen(/opt/homebrew/lib/php/pecl/20240924/xdebug.so.so, 0x0009): tried: '/opt/homebrew/lib/php/pecl/20240924/xdebug.so.so' (no such file), '/System/Volumes/Preboot/Cryptexes/OS/opt/homebrew/lib/php/pecl/20240924/xdebug.so.so' (no such file), '/opt/homebrew/lib/php/pecl/20240924/xdebug.so.so' (no such file))) in Unknown on line 0
[30-Jun-2025 06:35:40 UTC] PHP Warning:  Failed loading Zend extension 'xdebug.so' (tried: /opt/homebrew/lib/php/pecl/20240924/xdebug.so (dlopen(/opt/homebrew/lib/php/pecl/20240924/xdebug.so, 0x0009): tried: '/opt/homebrew/lib/php/pecl/20240924/xdebug.so' (no such file), '/System/Volumes/Preboot/Cryptexes/OS/opt/homebrew/lib/php/pecl/20240924/xdebug.so' (no such file), '/opt/homebrew/lib/php/pecl/20240924/xdebug.so' (no such file)), /opt/homebrew/lib/php/pecl/20240924/xdebug.so.so (dlopen(/opt/homebrew/lib/php/pecl/20240924/xdebug.so.so, 0x0009): tried: '/opt/homebrew/lib/php/pecl/20240924/xdebug.so.so' (no such file), '/System/Volumes/Preboot/Cryptexes/OS/opt/homebrew/lib/php/pecl/20240924/xdebug.so.so' (no such file), '/opt/homebrew/lib/php/pecl/20240924/xdebug.so.so' (no such file))) in Unknown on line 0
[30-Jun-2025 06:35:41 UTC] PHP Warning:  Failed loading Zend extension 'xdebug.so' (tried: /opt/homebrew/lib/php/pecl/20240924/xdebug.so (dlopen(/opt/homebrew/lib/php/pecl/20240924/xdebug.so, 0x0009): tried: '/opt/homebrew/lib/php/pecl/20240924/xdebug.so' (no such file), '/System/Volumes/Preboot/Cryptexes/OS/opt/homebrew/lib/php/pecl/20240924/xdebug.so' (no such file), '/opt/homebrew/lib/php/pecl/20240924/xdebug.so' (no such file)), /opt/homebrew/lib/php/pecl/20240924/xdebug.so.so (dlopen(/opt/homebrew/lib/php/pecl/20240924/xdebug.so.so, 0x0009): tried: '/opt/homebrew/lib/php/pecl/20240924/xdebug.so.so' (no such file), '/System/Volumes/Preboot/Cryptexes/OS/opt/homebrew/lib/php/pecl/20240924/xdebug.so.so' (no such file), '/opt/homebrew/lib/php/pecl/20240924/xdebug.so.so' (no such file))) in Unknown on line 0
[30-Jun-2025 06:35:49 UTC] PHP Warning:  Failed loading Zend extension 'xdebug.so' (tried: /opt/homebrew/lib/php/pecl/20240924/xdebug.so (dlopen(/opt/homebrew/lib/php/pecl/20240924/xdebug.so, 0x0009): tried: '/opt/homebrew/lib/php/pecl/20240924/xdebug.so' (no such file), '/System/Volumes/Preboot/Cryptexes/OS/opt/homebrew/lib/php/pecl/20240924/xdebug.so' (no such file), '/opt/homebrew/lib/php/pecl/20240924/xdebug.so' (no such file)), /opt/homebrew/lib/php/pecl/20240924/xdebug.so.so (dlopen(/opt/homebrew/lib/php/pecl/20240924/xdebug.so.so, 0x0009): tried: '/opt/homebrew/lib/php/pecl/20240924/xdebug.so.so' (no such file), '/System/Volumes/Preboot/Cryptexes/OS/opt/homebrew/lib/php/pecl/20240924/xdebug.so.so' (no such file), '/opt/homebrew/lib/php/pecl/20240924/xdebug.so.so' (no such file))) in Unknown on line 0
[30-Jun-2025 06:35:52 UTC] PHP Warning:  Failed loading Zend extension 'xdebug.so' (tried: /opt/homebrew/lib/php/pecl/20240924/xdebug.so (dlopen(/opt/homebrew/lib/php/pecl/20240924/xdebug.so, 0x0009): tried: '/opt/homebrew/lib/php/pecl/20240924/xdebug.so' (no such file), '/System/Volumes/Preboot/Cryptexes/OS/opt/homebrew/lib/php/pecl/20240924/xdebug.so' (no such file), '/opt/homebrew/lib/php/pecl/20240924/xdebug.so' (no such file)), /opt/homebrew/lib/php/pecl/20240924/xdebug.so.so (dlopen(/opt/homebrew/lib/php/pecl/20240924/xdebug.so.so, 0x0009): tried: '/opt/homebrew/lib/php/pecl/20240924/xdebug.so.so' (no such file), '/System/Volumes/Preboot/Cryptexes/OS/opt/homebrew/lib/php/pecl/20240924/xdebug.so.so' (no such file), '/opt/homebrew/lib/php/pecl/20240924/xdebug.so.so' (no such file))) in Unknown on line 0
[30-Jun-2025 06:36:02 UTC] PHP Warning:  Failed loading Zend extension 'xdebug.so' (tried: /opt/homebrew/lib/php/pecl/20240924/xdebug.so (dlopen(/opt/homebrew/lib/php/pecl/20240924/xdebug.so, 0x0009): tried: '/opt/homebrew/lib/php/pecl/20240924/xdebug.so' (no such file), '/System/Volumes/Preboot/Cryptexes/OS/opt/homebrew/lib/php/pecl/20240924/xdebug.so' (no such file), '/opt/homebrew/lib/php/pecl/20240924/xdebug.so' (no such file)), /opt/homebrew/lib/php/pecl/20240924/xdebug.so.so (dlopen(/opt/homebrew/lib/php/pecl/20240924/xdebug.so.so, 0x0009): tried: '/opt/homebrew/lib/php/pecl/20240924/xdebug.so.so' (no such file), '/System/Volumes/Preboot/Cryptexes/OS/opt/homebrew/lib/php/pecl/20240924/xdebug.so.so' (no such file), '/opt/homebrew/lib/php/pecl/20240924/xdebug.so.so' (no such file))) in Unknown on line 0
[30-Jun-2025 06:36:12 UTC] PHP Warning:  Failed loading Zend extension 'xdebug.so' (tried: /opt/homebrew/lib/php/pecl/20240924/xdebug.so (dlopen(/opt/homebrew/lib/php/pecl/20240924/xdebug.so, 0x0009): tried: '/opt/homebrew/lib/php/pecl/20240924/xdebug.so' (no such file), '/System/Volumes/Preboot/Cryptexes/OS/opt/homebrew/lib/php/pecl/20240924/xdebug.so' (no such file), '/opt/homebrew/lib/php/pecl/20240924/xdebug.so' (no such file)), /opt/homebrew/lib/php/pecl/20240924/xdebug.so.so (dlopen(/opt/homebrew/lib/php/pecl/20240924/xdebug.so.so, 0x0009): tried: '/opt/homebrew/lib/php/pecl/20240924/xdebug.so.so' (no such file), '/System/Volumes/Preboot/Cryptexes/OS/opt/homebrew/lib/php/pecl/20240924/xdebug.so.so' (no such file), '/opt/homebrew/lib/php/pecl/20240924/xdebug.so.so' (no such file))) in Unknown on line 0
